C51 COMPILER V9.60.0.0   BUZZER                                                            05/11/2020 22:35:56 PAGE 1   


C51 COMPILER V9.60.0.0, COMPILATION OF MODULE BUZZER
OBJECT MODULE PLACED IN .\Output\buzzer.obj
COMPILER INVOKED BY: c:\Keil_v5\C51\BIN\C51.EXE ..\..\Utilities\buzzer.c OMF2 OPTIMIZE(8,SPEED) BROWSE INCDIR(..\..\Appl
                    -ication;..\..\User\INC;..\..\Libraries;..\..\Utilities) DEBUG PRINT(.\List\buzzer.lst) TABS(2) OBJECT(.\Output\buzzer.ob
                    -j)

line level    source

   1          /***************************************************************************
   2          
   3          1、此程序适用有源和无源蜂鸣器的驱动
   4          2、可自由定义多种蜂鸣声音
   5          3、只需传递一个参数就能达到让BUZ的声音重复响几次
   6          4、程序结构清晰 操作方便
   7          
   8           
   9          *---------------------------------------------------------------------------
  10           
  11          *****************************************************************************/
  12           
  13          #include "buzzer.h" 
  14          #include "timer.h" 
  15          /* Includes ----------------------------------------------------------------------------------------------
             ---*/
  16           
  17           
  18          // P0M0 = 0x01;                        //P00设置为模拟输入
  19          //    P0M1 = 0x61;                        //P01设置为非施密特数字带上拉输入
  20          //    P2M1 = 0x51;                        //P21设置为非施密特数字带下拉输入
  21          //    P2M3 = 0x69;                        //P23设置为施密特数字带上拉输入
  22          //    P3M4 = 0x59;                        //P34设置为施密特数字带下拉输入
  23          //    P3M5 = 0x71;                        //P35设置为非施密特数字带上下拉输入
  24          //    P2M5 = 0x79;                        //P25设置为施密特数字带上下拉输入
  25          //    P2M6 = 0xC1;                        //P26设置为推挽输出
  26          //    P2M7 = 0xC5;                        //P27设置为开漏输出
  27          //    P1M7 = 0xE5;                        //P17设置为开漏带上拉输出 
  28           
  29          
  30          
  31          
  32          
  33          ux8 RM_BZ ;    //蜂鸣器模式
  34          ux16 T_BzFre ; //蜂鸣间隔时间
  35          ux8 T_BBNum  ; //蜂鸣器在模式下的蜂鸣次数   
  36          ux8 F_Buz ;    //驱动信号标志 
  37          
  38          
  39          
  40          //*************************************
  41          // 函数名称：SetBuz
  42          // 函数功能：设置蜂鸣器模式
  43          // 入口参数：该模式下的蜂鸣次数 
  44          // 出口参数：无
  45          // 返 回 值：无
  46          //***************************************
  47          void SetupBz(u8 RM_BZIn,u8 BNum)
  48          {     
  49   1        T_BzFre = 0 ;   //蜂鸣频率  
  50   1        T_BBNum = BNum ;//该蜂鸣模式的蜂鸣总次数    
  51   1        RM_BZ = RM_BZIn ; //蜂鸣模式
  52   1        OFFIO_BUZ ;   
C51 COMPILER V9.60.0.0   BUZZER                                                            05/11/2020 22:35:56 PAGE 2   

  53   1      }
  54          //*************************************
  55          // 函数名称：CmdBuz
  56          // 函数功能：蜂鸣器控制  10ms运行一次
  57          // 入口参数：无
  58          // 出口参数：无
  59          // 返 回 值：无
  60          // 备注 ：以下编写了四种常用的蜂鸣器的提示音 读者可自行修改声音及再增加声音类型
  61          //***************************************
  62          void CmdBuz(void)
  63          {
  64   1        if(buz_10ms_flag== 1)
  65   1        {
  66   2          buz_10ms_flag= 0;
  67   2          
  68   2            switch(RM_BZ)
  69   2            {
  70   3              case M_BZ:      
  71   3                SetupBz(M_BZ,0);
  72   3                break ;     
  73   3              //--------------------
  74   3              case M_BZ_KEY: // 计1次
  75   3              
  76   3                  T_BzFre ++ ;
  77   3                  if(T_BzFre <= VT_BUZ(10))//5
  78   3                  {
  79   4                    ONIO_BUZ ;
  80   4                  }             
  81   3                  else 
  82   3                  {
  83   4                    SetupBz(M_BZ,0);
  84   4                  }
  85   3                break ;       
  86   3            //----------------------------  
  87   3              case M_BZ_BB :  //定时音提示－翻炒提示音  
  88   3                if(T_BBNum != 0)
  89   3                {   
  90   4                  T_BzFre ++ ;            
  91   4                  if(T_BzFre<= VT_BUZ(20))  
  92   4                  {           
  93   5                      ONIO_BUZ ;
  94   5                  }   
  95   4                  else if(T_BzFre <= VT_BUZ(30))
  96   4                  {
  97   5                      OFFIO_BUZ ;
  98   5                  }
  99   4                  else if(T_BzFre <= VT_BUZ(50))
 100   4                  {
 101   5                      ONIO_BUZ  ; 
 102   5                  }
 103   4                  else if(T_BzFre <= VT_BUZ(100))
 104   4                  {
 105   5                      OFFIO_BUZ ;
 106   5                  }         
 107   4                  else
 108   4                  { 
 109   5                      T_BzFre = 0 ;
 110   5                      T_BBNum -- ;
 111   5                  }               
 112   4                }       
 113   3                else 
 114   3                {
C51 COMPILER V9.60.0.0   BUZZER                                                            05/11/2020 22:35:56 PAGE 3   

 115   4                  SetupBz(M_BZ,0);
 116   4                }             
 117   3                break ;
 118   3                
 119   3              //----------------------------
 120   3              case M_BZ_LKEY ://关机 长响音
 121   3                
 122   3                if(T_BBNum != 0)
 123   3                {               
 124   4                  T_BzFre ++ ;
 125   4                  if(T_BzFre <= VT_BUZ(80))//BZ_T1
 126   4                  {               
 127   5                      ONIO_BUZ ;
 128   5                  }   
 129   4                  else if(T_BzFre <= VT_BUZ(100))//BZ_T2
 130   4                  {
 131   5                      OFFIO_BUZ ;
 132   5                  }           
 133   4                  else 
 134   4                  {
 135   5                      T_BzFre = 0 ; 
 136   5                      T_BBNum -- ;      
 137   5                  }           
 138   4                }
 139   3                else 
 140   3                {
 141   4                  SetupBz(M_BZ,0);
 142   4                }             
 143   3              
 144   3                break ;         
 145   3              //-------------------           
 146   3              case M_BZ_ERR :
 147   3                if(T_BBNum != 0)
 148   3                {               
 149   4                  T_BzFre ++ ;            
 150   4                  if(T_BzFre <= VT_BUZ(12))
 151   4                  {
 152   5                    ONIO_BUZ ;
 153   5                  } 
 154   4                  else if(T_BzFre <= VT_BUZ(20))
 155   4                  {
 156   5                    OFFIO_BUZ ; 
 157   5                  } 
 158   4                  else
 159   4                  {
 160   5                      T_BzFre = 0 ; 
 161   5                      T_BBNum -- ;  
 162   5                  }               
 163   4                }           
 164   3                else 
 165   3                {
 166   4                  SetupBz(M_BZ,0);
 167   4                }         
 168   3                break ;             
 169   3              //-------------------           
 170   3              default :         
 171   3                  SetupBz(M_BZ,0);      
 172   3                break ; 
 173   3            }
 174   2        }
 175   1      }
 176          
C51 COMPILER V9.60.0.0   BUZZER                                                            05/11/2020 22:35:56 PAGE 4   

 177          
 178          ////---应用实例-----
 179          
 180          //void main(void)
 181          //{
 182          
 183          //SetupBz(M_BZ_LKEY,2) ;//上电蜂鸣器长响两声 
 184          
 185          //while(1)
 186          //{
 187          //  while(!F_10MS) ; //10MS跑一次主程序
 188          //  F_10MS = 0 ;
 189          
 190          //    
 191          //  CmdBz() ; 
 192          //}
 193          //}
 194          
 195          
 196          ////中断服务程序
 197          //void interrupt server(void)
 198          //{
 199          ////定时125U中断一次
 200          //  
 201          //if(F_Buz)
 202          //{
 203          //  BUZ_FLIPS ; //BUZ 取反 针对无源BUZ -- 4K  
 204          //  //ONIO_BUZ ; // BUZ直驱 针对有源BUZ
 205          //}
 206          
 207          //}      
 208           
 209          
 210          
 211          
 212          
 213          
 214          
 215          
 216          
 217          
 218          
 219          
 220          
 221          
 222          
 223          
 224          
 225          
 226          
 227          
 228          


MODULE INFORMATION:   STATIC OVERLAYABLE
   CODE SIZE        =    304    ----
   CONSTANT SIZE    =   ----    ----
   XDATA SIZE       =      5    ----
   PDATA SIZE       =   ----    ----
   DATA SIZE        =   ----    ----
   IDATA SIZE       =   ----    ----
   BIT SIZE         =   ----    ----
C51 COMPILER V9.60.0.0   BUZZER                                                            05/11/2020 22:35:56 PAGE 5   

   EDATA SIZE       =   ----    ----
   HDATA SIZE       =   ----    ----
   XDATA CONST SIZE =   ----    ----
   FAR CONST SIZE   =   ----    ----
END OF MODULE INFORMATION.


C51 COMPILATION COMPLETE.  0 WARNING(S),  0 ERROR(S)
