C51 COMPILER V9.60.0.0   HC89F30X_ISR                                                      05/11/2020 22:35:56 PAGE 1   


C51 COMPILER V9.60.0.0, COMPILATION OF MODULE HC89F30X_ISR
OBJECT MODULE PLACED IN .\Output\HC89F30x_ISR.obj
COMPILER INVOKED BY: c:\Keil_v5\C51\BIN\C51.EXE ..\..\User\C\HC89F30x_ISR.c OMF2 OPTIMIZE(8,SPEED) BROWSE INCDIR(..\..\A
                    -pplication;..\..\User\INC;..\..\Libraries;..\..\Utilities) DEBUG PRINT(.\List\HC89F30x_ISR.lst) TABS(2) OBJECT(.\Output\
                    -HC89F30x_ISR.obj)

line level    source

   1          /******************* (C) COPYRIGHT 2009~2019 holychip **************************
   2          * File Name          : HC89F30x_ISR.c
   3          ********************************************************************************
   4          
   5          
   6          *******************************************************************************/
   7          #include "HC89F303.h"
   8          
   9          //================================================================================
  10          extern void CTK_ISR_Handle(void);
  11          
  12          /****************************************************************************
  13          * Function Name  : ISR_INT0
  14          * Description    : INT0 interrupt request
  15          * Input          : None
  16          * Output         : None
  17          * Return         : None
  18          ****************************************************************************/
  19          void ISR_INT0(void)      interrupt INT0_VECTOR
  20          {
  21   1        while(1);
  22   1      }
  23          
  24          /****************************************************************************
  25          * Function Name  : ISR_Timer0
  26          * Description    : Timer0 interrupt request
  27          * Input          : None
  28          * Output         : None
  29          * Return         : None
  30          ****************************************************************************/
  31          //void ISR_Timer0(void)     interrupt TIMER0_VECTOR
  32          //{
  33          //  while(1);
  34          //}
  35          
  36          /****************************************************************************
  37          * Function Name  : ISR_INT1
  38          * Description    : INT1 interrupt request
  39          * Input          : None
  40          * Output         : None
  41          * Return         : None
  42          ****************************************************************************/
  43          void ISR_INT1(void)       interrupt INT1_VECTOR
  44          {
  45   1        while(1);
  46   1      }
  47          
  48          /****************************************************************************
  49          * Function Name  : ISR_Timer1
  50          * Description    : Timer1 interrupt request
  51          * Input          : None
  52          * Output         : None
  53          * Return         : None
C51 COMPILER V9.60.0.0   HC89F30X_ISR                                                      05/11/2020 22:35:56 PAGE 2   

  54          ****************************************************************************/
  55          //void ISR_Timer1(void)     interrupt TIMER1_VECTOR
  56          //{
  57          //  while(1);
  58          //}
  59          
  60          /****************************************************************************
  61          * Function Name  : ISR_UART1
  62          * Description    : UART1 interrupt request
  63          * Input          : None
  64          * Output         : None
  65          * Return         : None
  66          ****************************************************************************/
  67          void ISR_UART1(void)     interrupt UART1_VECTOR
  68          {
  69   1        while(1);
  70   1      }
  71          
  72          /****************************************************************************
  73          * Function Name  : ISR_WDT
  74          * Description    : WDT interrupt request
  75          * Input          : None
  76          * Output         : None
  77          * Return         : None
  78          ****************************************************************************/
  79          void ISR_WDT(void)       interrupt WDT_VECTOR
  80          {
  81   1        while(1);
  82   1      }
  83          
  84          /****************************************************************************
  85          * Function Name  : ISR_IIC
  86          * Description    : IIC interrupt request
  87          * Input          : None
  88          * Output         : None
  89          * Return         : None
  90          ****************************************************************************/
  91          void ISR_IIC(void)       interrupt IIC_VECTOR
  92          {
  93   1        while(1);
  94   1      }
  95          
  96          /****************************************************************************
  97          * Function Name  : ISR_Timer3
  98          * Description    : Timer3 interrupt request
  99          * Input          : None
 100          * Output         : None
 101          * Return         : None
 102          ****************************************************************************/
 103          void ISR_Timer3(void)     interrupt T3_VECTOR
 104          {
 105   1        while(1);
 106   1      }
 107          
 108          /****************************************************************************
 109          * Function Name  : ISR_Timer4
 110          * Description    : Timer4 interrupt request
 111          * Input          : None
 112          * Output         : None
 113          * Return         : None
 114          ****************************************************************************/
 115          void ISR_Timer4(void)     interrupt T4_VECTOR
C51 COMPILER V9.60.0.0   HC89F30X_ISR                                                      05/11/2020 22:35:56 PAGE 3   

 116          {
 117   1        while(1);
 118   1      }
 119          
 120          /****************************************************************************
 121          * Function Name  : ISR_PWM
 122          * Description    : PWM interrupt request
 123          * Input          : None
 124          * Output         : None
 125          * Return         : None
 126          ****************************************************************************/
 127          void ISR_PWM(void)       interrupt PWM_VECTOR
 128          {
 129   1        while(1);
 130   1      }
 131          
 132          /****************************************************************************
 133          * Function Name  : ISR_CTK
 134          * Description    : CTK interrupt request
 135          * Input          : None
 136          * Output         : None
 137          * Return         : None
 138          ****************************************************************************/
 139          
 140          void ISR_CTK(void)      interrupt CTK_VECTOR
 141          {
 142   1        CTK_ISR_Handle();
 143   1      }
 144          
 145          /****************************************************************************
 146          * Function Name  : ISR_ADC
 147          * Description    : ADC interrupt request
 148          * Input          : None
 149          * Output         : None
 150          * Return         : None
 151          ****************************************************************************/
 152          void ISR_ADC(void)      interrupt ADC_VECTOR
 153          {
 154   1        while(1);
 155   1      }
 156          
 157          /****************************************************************************
 158          * Function Name  : ISR_INT16_17
 159          * Description    : INT16~17 interrupt request
 160          * Input          : None
 161          * Output         : None
 162          * Return         : None
 163          ****************************************************************************/
 164          void ISR_INT16_17(void)  interrupt INT16_17_VECTOR
 165          {
 166   1        while(1);
 167   1      }
 168          
 169          /*********************************END OF FILE************************************/
 170          /******************* (C) COPYRIGHT 2009~2019 holychip ***************************/


MODULE INFORMATION:   STATIC OVERLAYABLE
   CODE SIZE        =    112    ----
   CONSTANT SIZE    =   ----    ----
   XDATA SIZE       =   ----    ----
   PDATA SIZE       =   ----    ----
C51 COMPILER V9.60.0.0   HC89F30X_ISR                                                      05/11/2020 22:35:56 PAGE 4   

   DATA SIZE        =   ----    ----
   IDATA SIZE       =   ----    ----
   BIT SIZE         =   ----    ----
   EDATA SIZE       =   ----    ----
   HDATA SIZE       =   ----    ----
   XDATA CONST SIZE =   ----    ----
   FAR CONST SIZE   =   ----    ----
END OF MODULE INFORMATION.


C51 COMPILATION COMPLETE.  0 WARNING(S),  0 ERROR(S)
