C51 COMPILER V9.60.0.0   HC89F30X_PORT_MAP                                                 05/11/2020 22:35:56 PAGE 1   


C51 COMPILER V9.60.0.0, COMPILATION OF MODULE HC89F30X_PORT_MAP
OBJECT MODULE PLACED IN .\Output\HC89F30x_PORT_MAP.obj
COMPILER INVOKED BY: c:\Keil_v5\C51\BIN\C51.EXE ..\..\User\C\HC89F30x_PORT_MAP.c OMF2 OPTIMIZE(8,SPEED) BROWSE INCDIR(..
                    -\..\Application;..\..\User\INC;..\..\Libraries;..\..\Utilities) DEBUG PRINT(.\List\HC89F30x_PORT_MAP.lst) TABS(2) OBJECT
                    -(.\Output\HC89F30x_PORT_MAP.obj)

line level    source

   1          /******************* (C) COPYRIGHT 2009~2019 holychip **************************
   2          * File Name          : HC89F30x_PORT_MAP.c
   3          ********************************************************************************
   4          
   5          
   6          *******************************************************************************/
   7          #include  "HC89F303.h"
   8          #include  "HC89F30x_PORT_MAP.h"
   9          
  10          /****************************************************************************
  11          * Function Name  :
  12          * Description    :
  13          * Input          : None
  14          * Output         : None
  15          * Return         : None
  16          ****************************************************************************/
  17          
  18          /*********************************END OF FILE************************************/
  19          /******************* (C) COPYRIGHT 2009~2019 holychip ***************************/


MODULE INFORMATION:   STATIC OVERLAYABLE
   CODE SIZE        =   ----    ----
   CONSTANT SIZE    =   ----    ----
   XDATA SIZE       =   ----    ----
   PDATA SIZE       =   ----    ----
   DATA SIZE        =   ----    ----
   IDATA SIZE       =   ----    ----
   BIT SIZE         =   ----    ----
   EDATA SIZE       =   ----    ----
   HDATA SIZE       =   ----    ----
   XDATA CONST SIZE =   ----    ----
   FAR CONST SIZE   =   ----    ----
END OF MODULE INFORMATION.


C51 COMPILATION COMPLETE.  0 WARNING(S),  0 ERROR(S)
